#
# There is insufficient memory for the Java Runtime Environment to continue.
# Native memory allocation (malloc) failed to allocate 480104 bytes for AllocateHeap
# Possible reasons:
#   The system is out of physical RAM or swap space
#   In 32 bit mode, the process size limit was hit
# Possible solutions:
#   Reduce memory load on the system
#   Increase physical memory or swap space
#   Check if swap backing store is full
#   Use 64 bit Java on a 64 bit OS
#   Decrease Java heap size (-Xmx/-Xms)
#   Decrease number of Java threads
#   Decrease Java thread stack sizes (-Xss)
#   Set larger code cache with -XX:ReservedCodeCacheSize=
# This output file may be truncated or incomplete.
#
#  Out of Memory Error (memory/allocation.inline.hpp:61), pid=21212, tid=0x00000000000022cc
#
# JRE version:  (8.0_191-b12) (build )
# Java VM: Java HotSpot(TM) 64-Bit Server VM (25.191-b12 mixed mode windows-amd64 compressed oops)
# Failed to write core dump. Minidumps are not enabled by default on client versions of Windows
#

---------------  T H R E A D  ---------------

Current thread (0x0000000002792800):  JavaThread "Unknown thread" [_thread_in_vm, id=8908, stack(0x00000000025f0000,0x00000000026f0000)]

Stack: [0x00000000025f0000,0x00000000026f0000]
[error occurred during error reporting (printing stack bounds), id 0xc0000005]

Native frames: (J=compiled Java code, j=interpreted, Vv=VM code, C=native code)


---------------  P R O C E S S  ---------------

Java Threads: ( => current thread )

Other Threads:

=>0x0000000002792800 (exited) JavaThread "Unknown thread" [_thread_in_vm, id=8908, stack(0x00000000025f0000,0x00000000026f0000)]

VM state:not at safepoint (not fully initialized)

VM Mutex/Monitor currently owned by a thread: None

GC Heap History (0 events):
No events

Deoptimization events (0 events):
No events

Classes redefined (0 events):
No events

Internal exceptions (0 events):
No events

Events (0 events):
No events


Dynamic libraries:
0x00007ff670b20000 - 0x00007ff670b57000 	C:\Program Files\Java\jdk1.8.0_191\bin\java.exe
0x00007fffbe800000 - 0x00007fffbe9e1000 	C:\WINDOWS\SYSTEM32\ntdll.dll
0x00007fffbbfd0000 - 0x00007fffbc082000 	C:\WINDOWS\System32\KERNEL32.DLL
0x00007fffbabd0000 - 0x00007fffbae43000 	C:\WINDOWS\System32\KERNELBASE.dll
0x00007fffbcea0000 - 0x00007fffbcf41000 	C:\WINDOWS\System32\ADVAPI32.dll
0x00007fffbce00000 - 0x00007fffbce9e000 	C:\WINDOWS\System32\msvcrt.dll
0x00007fffbc800000 - 0x00007fffbc85b000 	C:\WINDOWS\System32\sechost.dll
0x00007fffbcf50000 - 0x00007fffbd074000 	C:\WINDOWS\System32\RPCRT4.dll
0x00007fffbc0f0000 - 0x00007fffbc280000 	C:\WINDOWS\System32\USER32.dll
0x00007fffbb8b0000 - 0x00007fffbb8d0000 	C:\WINDOWS\System32\win32u.dll
0x00007fffbe7a0000 - 0x00007fffbe7c8000 	C:\WINDOWS\System32\GDI32.dll
0x00007fffbb9d0000 - 0x00007fffbbb62000 	C:\WINDOWS\System32\gdi32full.dll
0x00007fffbbbf0000 - 0x00007fffbbc8f000 	C:\WINDOWS\System32\msvcp_win.dll
0x00007fffbb7b0000 - 0x00007fffbb8aa000 	C:\WINDOWS\System32\ucrtbase.dll
0x00007fffaefe0000 - 0x00007fffaf249000 	C:\WINDOWS\WinSxS\amd64_microsoft.windows.common-controls_6595b64144ccf1df_6.0.17134.112_none_fb3f961b30681c12\COMCTL32.dll
0x00007fffbca70000 - 0x00007fffbcd93000 	C:\WINDOWS\System32\combase.dll
0x00007fffbbb70000 - 0x00007fffbbbea000 	C:\WINDOWS\System32\bcryptPrimitives.dll
0x00007fffbd080000 - 0x00007fffbd0ad000 	C:\WINDOWS\System32\IMM32.DLL
0x0000000065380000 - 0x0000000065452000 	C:\Program Files\Java\jdk1.8.0_191\jre\bin\msvcr100.dll
0x0000000064ad0000 - 0x0000000065374000 	C:\Program Files\Java\jdk1.8.0_191\jre\bin\server\jvm.dll
0x00007fffbd0b0000 - 0x00007fffbd0b8000 	C:\WINDOWS\System32\PSAPI.DLL
0x00007fffb62b0000 - 0x00007fffb62ba000 	C:\WINDOWS\SYSTEM32\VERSION.dll
0x00007fffb86c0000 - 0x00007fffb86e3000 	C:\WINDOWS\SYSTEM32\WINMM.dll
0x00007fffa0ba0000 - 0x00007fffa0ba9000 	C:\WINDOWS\SYSTEM32\WSOCK32.dll
0x00007fffbca00000 - 0x00007fffbca6c000 	C:\WINDOWS\System32\WS2_32.dll
0x00007fffb8690000 - 0x00007fffb86ba000 	C:\WINDOWS\SYSTEM32\WINMMBASE.dll
0x00007fffbb8d0000 - 0x00007fffbb919000 	C:\WINDOWS\System32\cfgmgr32.dll
0x0000000064ac0000 - 0x0000000064acf000 	C:\Program Files\Java\jdk1.8.0_191\jre\bin\verify.dll
0x0000000064a90000 - 0x0000000064ab9000 	C:\Program Files\Java\jdk1.8.0_191\jre\bin\java.dll
0x0000000064a70000 - 0x0000000064a86000 	C:\Program Files\Java\jdk1.8.0_191\jre\bin\zip.dll

VM Arguments:
jvm_args: -Xmx64m -Xms64m -Dorg.gradle.appname=gradlew 
java_command: org.gradle.wrapper.GradleWrapperMain app:installDebug -PreactNativeDevServerPort=8081
java_class_path (initial): C:\Users\Dimitris\Desktop\influencity\android\\gradle\wrapper\gradle-wrapper.jar
Launcher Type: SUN_STANDARD

Environment Variables:
JAVA_HOME=C:\Program Files\Java\jdk1.8.0_191
CLASSPATH=C:\Users\Dimitris\Desktop\influencity\android\\gradle\wrapper\gradle-wrapper.jar
PATH=C:\Users\Dimitris\Desktop\influencity\android\node_modules\.bin;C:\Users\Dimitris\Desktop\influencity\node_modules\.bin;C:\Users\Dimitris\Desktop\node_modules\.bin;C:\Users\Dimitris\node_modules\.bin;C:\Users\node_modules\.bin;C:\node_modules\.bin;C:\Program Files\nodejs;C:\Users\Dimitris\Desktop\influencity\node_modules\.bin;C:\Users\Dimitris\AppData\Local\Programs\Python\Python37;C:\Windows\system32;C:\Windows;C:\Windows\System32\Wbem;C:\Windows\System32\WindowsPowerShell\v1.0\;C:\Program Files (x86)\NVIDIA Corporation\PhysX\Common;C:\Program Files\NVIDIA Corporation\NVIDIA NvDLISR;C:\Program Files\PostgreSQL\11\bin;C:\Program Files\Git\cmd;C:\Program Files\Redis\;C:\Program Files\PuTTY\;C:\Users\Dimitris\AppData\Local\Programs\Python\Python37\python;C:\Users\Dimitris\AppData\Local\Programs\Python\Python37\;C:\Users\Dimitris\AppData\Local\Programs\Python\Python37\Scripts\;C:\Users\Dimitris\Desktop\ffmpeg-20200504-5767a2e-win64-static\bin;C:\Users\Dimitris\AppData\Local\Android\Sdk\platform-tools;C:\Program Files (x86)\Windows Kits\10\bin\10.0.16299.0\x86;C:\Program Files (x86)\Windows Kits\8.0\bin\x86;;C:\WINDOWS\system32;C:\WINDOWS;C:\WINDOWS\System32\Wbem;C:\WINDOWS\System32\WindowsPowerShell\v1.0\;C:\WINDOWS\System32\OpenSSH\;C:\Program Files\nodejs\;C:\Users\Dimitris\AppData\Local\Programs\Python\Python36\Scripts\;C:\Users\Dimitris\AppData\Local\Programs\Python\Python36\;C:\Users\Dimitris\AppData\Local\Programs\Python\Python37\Scripts\;C:\Users\Dimitris\AppData\Local\Programs\Python\Python37\;C:\Users\Dimitris\AppData\Local\Microsoft\WindowsApps;C:\Users\Dimitris\AppData\Local\Programs\Microsoft VS Code\bin;C:\Program Files\JetBrains\PyCharm 2019.1.3 free 2\bin;;C:\Program Files\heroku\bin;C:\Users\Dimitris\AppData\Local\Google\Cloud SDK\google-cloud-sdk\bin;C:\Users\Dimitris\Desktop\ffmpeg-20200504-5767a2e-win64-static\bin;C:\Users\Dimitris\AppData\Roaming\npm
USERNAME=Dimitris
OS=Windows_NT
PROCESSOR_IDENTIFIER=Intel64 Family 6 Model 60 Stepping 3, GenuineIntel



---------------  S Y S T E M  ---------------

OS: Windows 10.0 , 64 bit Build 17134 (10.0.17134.1)

CPU:total 4 (initial active 4) (2 cores per cpu, 2 threads per core) family 6 model 60 stepping 3, cmov, cx8, fxsr, mmx, sse, sse2, sse3, ssse3, sse4.1, sse4.2, popcnt, avx, avx2, aes, clmul, erms, lzcnt, ht, tsc, tscinvbit, bmi1, bmi2

Memory: 4k page, physical 16703500k(1797012k free), swap 26943500k(5348k free)

vm_info: Java HotSpot(TM) 64-Bit Server VM (25.191-b12) for windows-amd64 JRE (1.8.0_191-b12), built on Oct  6 2018 09:29:03 by "java_re" with MS VC++ 10.0 (VS2010)

time: Sat Sep 12 17:01:32 2020
elapsed time: 0 seconds (0d 0h 0m 0s)

