#
# There is insufficient memory for the Java Runtime Environment to continue.
# Native memory allocation (malloc) failed to allocate 1048576 bytes for AllocateHeap
# Possible reasons:
#   The system is out of physical RAM or swap space
#   In 32 bit mode, the process size limit was hit
# Possible solutions:
#   Reduce memory load on the system
#   Increase physical memory or swap space
#   Check if swap backing store is full
#   Use 64 bit Java on a 64 bit OS
#   Decrease Java heap size (-Xmx/-Xms)
#   Decrease number of Java threads
#   Decrease Java thread stack sizes (-Xss)
#   Set larger code cache with -XX:ReservedCodeCacheSize=
# This output file may be truncated or incomplete.
#
#  Out of Memory Error (memory/allocation.inline.hpp:61), pid=14228, tid=0x00000000000057c0
#
# JRE version:  (8.0_191-b12) (build )
# Java VM: Java HotSpot(TM) 64-Bit Server VM (25.191-b12 mixed mode windows-amd64 compressed oops)
# Failed to write core dump. Minidumps are not enabled by default on client versions of Windows
#

---------------  T H R E A D  ---------------

Current thread (0x00000000024a2800):  JavaThread "Unknown thread" [_thread_in_vm, id=22464, stack(0x00000000022d0000,0x00000000023d0000)]

Stack: [0x00000000022d0000,0x00000000023d0000]
[error occurred during error reporting (printing stack bounds), id 0xc0000005]

Native frames: (J=compiled Java code, j=interpreted, Vv=VM code, C=native code)


---------------  P R O C E S S  ---------------

Java Threads: ( => current thread )

Other Threads:

=>0x00000000024a2800 (exited) JavaThread "Unknown thread" [_thread_in_vm, id=22464, stack(0x00000000022d0000,0x00000000023d0000)]

VM state:not at safepoint (normal execution)

VM Mutex/Monitor currently owned by a thread: None

Heap:
 PSYoungGen      total 18944K, used 327K [0x00000000feb00000, 0x0000000100000000, 0x0000000100000000)
  eden space 16384K, 2% used [0x00000000feb00000,0x00000000feb51ec8,0x00000000ffb00000)
  from space 2560K, 0% used [0x00000000ffd80000,0x00000000ffd80000,0x0000000100000000)
  to   space 2560K, 0% used [0x00000000ffb00000,0x00000000ffb00000,0x00000000ffd80000)
 ParOldGen       total 44032K, used 0K [0x00000000fc000000, 0x00000000feb00000, 0x00000000feb00000)
  object space 44032K, 0% used [0x00000000fc000000,0x00000000fc000000,0x00000000feb00000)
 Metaspace       used 775K, capacity 4480K, committed 4480K, reserved 1056768K
  class space    used 76K, capacity 384K, committed 384K, reserved 1048576K

Card table byte_map: [0x00000000023d0000,0x0000000002400000] byte_map_base: 0x0000000001bf0000

Marking Bits: (ParMarkBitMap*) 0x0000000067e03e30
 Begin Bits: [0x0000000011e60000, 0x0000000011f60000)
 End Bits:   [0x0000000011f60000, 0x0000000012060000)

Polling page: 0x00000000009f0000

CodeCache: size=245760Kb used=328Kb max_used=328Kb free=245431Kb
 bounds [0x00000000026a0000, 0x0000000002910000, 0x00000000116a0000]
 total_blobs=58 nmethods=0 adapters=38
 compilation: enabled

Compilation events (0 events):
No events

GC Heap History (0 events):
No events

Deoptimization events (0 events):
No events

Classes redefined (0 events):
No events

Internal exceptions (0 events):
No events

Events (10 events):
Event: 0.100 loading class java/lang/Short
Event: 0.100 loading class java/lang/Short done
Event: 0.100 loading class java/lang/Integer
Event: 0.100 loading class java/lang/Integer done
Event: 0.100 loading class java/lang/Long
Event: 0.101 loading class java/lang/Long done
Event: 0.102 loading class java/lang/NullPointerException
Event: 0.102 loading class java/lang/NullPointerException done
Event: 0.102 loading class java/lang/ArithmeticException
Event: 0.102 loading class java/lang/ArithmeticException done


Dynamic libraries:
0x00007ff7051c0000 - 0x00007ff7051f7000 	C:\Program Files\Java\jdk1.8.0_191\bin\java.exe
0x00007ff8e1950000 - 0x00007ff8e1b31000 	C:\WINDOWS\SYSTEM32\ntdll.dll
0x00007ff8e08a0000 - 0x00007ff8e0952000 	C:\WINDOWS\System32\KERNEL32.DLL
0x00007ff8de260000 - 0x00007ff8de4d3000 	C:\WINDOWS\System32\KERNELBASE.dll
0x00007ff8e0350000 - 0x00007ff8e03f1000 	C:\WINDOWS\System32\ADVAPI32.dll
0x00007ff8e1140000 - 0x00007ff8e11de000 	C:\WINDOWS\System32\msvcrt.dll
0x00007ff8e1890000 - 0x00007ff8e18eb000 	C:\WINDOWS\System32\sechost.dll
0x00007ff8e0220000 - 0x00007ff8e0344000 	C:\WINDOWS\System32\RPCRT4.dll
0x00007ff8e06b0000 - 0x00007ff8e0840000 	C:\WINDOWS\System32\USER32.dll
0x00007ff8de530000 - 0x00007ff8de550000 	C:\WINDOWS\System32\win32u.dll
0x00007ff8e18f0000 - 0x00007ff8e1918000 	C:\WINDOWS\System32\GDI32.dll
0x00007ff8de0c0000 - 0x00007ff8de252000 	C:\WINDOWS\System32\gdi32full.dll
0x00007ff8ded40000 - 0x00007ff8deddf000 	C:\WINDOWS\System32\msvcp_win.dll
0x00007ff8ddd20000 - 0x00007ff8dde1a000 	C:\WINDOWS\System32\ucrtbase.dll
0x00007ff8cfe50000 - 0x00007ff8d00b9000 	C:\WINDOWS\WinSxS\amd64_microsoft.windows.common-controls_6595b64144ccf1df_6.0.17134.112_none_fb3f961b30681c12\COMCTL32.dll
0x00007ff8e1480000 - 0x00007ff8e17a3000 	C:\WINDOWS\System32\combase.dll
0x00007ff8de550000 - 0x00007ff8de5ca000 	C:\WINDOWS\System32\bcryptPrimitives.dll
0x00007ff8e1860000 - 0x00007ff8e188d000 	C:\WINDOWS\System32\IMM32.DLL
0x0000000067e90000 - 0x0000000067f62000 	C:\Program Files\Java\jdk1.8.0_191\jre\bin\msvcr100.dll
0x00000000675e0000 - 0x0000000067e84000 	C:\Program Files\Java\jdk1.8.0_191\jre\bin\server\jvm.dll
0x00007ff8e0e30000 - 0x00007ff8e0e38000 	C:\WINDOWS\System32\PSAPI.DLL
0x00007ff8c7390000 - 0x00007ff8c7399000 	C:\WINDOWS\SYSTEM32\WSOCK32.dll
0x00007ff8e0dc0000 - 0x00007ff8e0e2c000 	C:\WINDOWS\System32\WS2_32.dll
0x00007ff8db260000 - 0x00007ff8db283000 	C:\WINDOWS\SYSTEM32\WINMM.dll
0x00007ff8d8c30000 - 0x00007ff8d8c3a000 	C:\WINDOWS\SYSTEM32\VERSION.dll
0x00007ff8db230000 - 0x00007ff8db25a000 	C:\WINDOWS\SYSTEM32\WINMMBASE.dll
0x00007ff8de4e0000 - 0x00007ff8de529000 	C:\WINDOWS\System32\cfgmgr32.dll
0x0000000069d70000 - 0x0000000069d7f000 	C:\Program Files\Java\jdk1.8.0_191\jre\bin\verify.dll
0x0000000069d40000 - 0x0000000069d69000 	C:\Program Files\Java\jdk1.8.0_191\jre\bin\java.dll
0x00000000675c0000 - 0x00000000675d6000 	C:\Program Files\Java\jdk1.8.0_191\jre\bin\zip.dll

VM Arguments:
jvm_args: -Xmx64m -Xms64m -Dorg.gradle.appname=gradlew 
java_command: org.gradle.wrapper.GradleWrapperMain app:installDebug -PreactNativeDevServerPort=8081
java_class_path (initial): C:\Users\Dimitris\Desktop\influencity\android\\gradle\wrapper\gradle-wrapper.jar
Launcher Type: SUN_STANDARD

Environment Variables:
JAVA_HOME=C:\Program Files\Java\jdk1.8.0_191
CLASSPATH=C:\Users\Dimitris\Desktop\influencity\android\\gradle\wrapper\gradle-wrapper.jar
PATH=C:\Users\Dimitris\Desktop\influencity\android\node_modules\.bin;C:\Users\Dimitris\Desktop\influencity\node_modules\.bin;C:\Users\Dimitris\Desktop\node_modules\.bin;C:\Users\Dimitris\node_modules\.bin;C:\Users\node_modules\.bin;C:\node_modules\.bin;C:\Program Files\nodejs;C:\Users\Dimitris\Desktop\influencity\node_modules\.bin;C:\Users\Dimitris\AppData\Local\Programs\Python\Python37;C:\Windows\system32;C:\Windows;C:\Windows\System32\Wbem;C:\Windows\System32\WindowsPowerShell\v1.0\;C:\Program Files (x86)\NVIDIA Corporation\PhysX\Common;C:\Program Files\NVIDIA Corporation\NVIDIA NvDLISR;C:\Program Files\PostgreSQL\11\bin;C:\Program Files\Git\cmd;C:\Program Files\Redis\;C:\Program Files\PuTTY\;C:\Users\Dimitris\AppData\Local\Programs\Python\Python37\python;C:\Users\Dimitris\AppData\Local\Programs\Python\Python37\;C:\Users\Dimitris\AppData\Local\Programs\Python\Python37\Scripts\;C:\Users\Dimitris\Desktop\ffmpeg-20200504-5767a2e-win64-static\bin;C:\Users\Dimitris\AppData\Local\Android\Sdk\platform-tools;C:\Program Files (x86)\Windows Kits\10\bin\10.0.16299.0\x86;C:\Program Files (x86)\Windows Kits\8.0\bin\x86;;C:\WINDOWS\system32;C:\WINDOWS;C:\WINDOWS\System32\Wbem;C:\WINDOWS\System32\WindowsPowerShell\v1.0\;C:\WINDOWS\System32\OpenSSH\;C:\Program Files\nodejs\;C:\Users\Dimitris\AppData\Local\Programs\Python\Python36\Scripts\;C:\Users\Dimitris\AppData\Local\Programs\Python\Python36\;C:\Users\Dimitris\AppData\Local\Programs\Python\Python37\Scripts\;C:\Users\Dimitris\AppData\Local\Programs\Python\Python37\;C:\Users\Dimitris\AppData\Local\Microsoft\WindowsApps;C:\Users\Dimitris\AppData\Local\Programs\Microsoft VS Code\bin;C:\Program Files\JetBrains\PyCharm 2019.1.3 free 2\bin;;C:\Program Files\heroku\bin;C:\Users\Dimitris\AppData\Local\Google\Cloud SDK\google-cloud-sdk\bin;C:\Users\Dimitris\Desktop\ffmpeg-20200504-5767a2e-win64-static\bin;C:\Users\Dimitris\AppData\Roaming\npm
USERNAME=Dimitris
OS=Windows_NT
PROCESSOR_IDENTIFIER=Intel64 Family 6 Model 60 Stepping 3, GenuineIntel



---------------  S Y S T E M  ---------------

OS: Windows 10.0 , 64 bit Build 17134 (10.0.17134.1)

CPU:total 4 (initial active 4) (2 cores per cpu, 2 threads per core) family 6 model 60 stepping 3, cmov, cx8, fxsr, mmx, sse, sse2, sse3, ssse3, sse4.1, sse4.2, popcnt, avx, avx2, aes, clmul, erms, lzcnt, ht, tsc, tscinvbit, bmi1, bmi2

Memory: 4k page, physical 16703500k(2657052k free), swap 26943500k(5580k free)

vm_info: Java HotSpot(TM) 64-Bit Server VM (25.191-b12) for windows-amd64 JRE (1.8.0_191-b12), built on Oct  6 2018 09:29:03 by "java_re" with MS VC++ 10.0 (VS2010)

time: Tue Sep 29 21:45:22 2020
elapsed time: 0 seconds (0d 0h 0m 0s)

